[debug] [2020-04-26T23:17:32.378Z] ----------------------------------------------------------------------
[debug] [2020-04-26T23:17:32.380Z] Command:       C:\Program Files\nodejs\node.exe C:\Users\user\AppData\Roaming\npm\node_modules\firebase-tools\lib\bin\firebase.js deploy
[debug] [2020-04-26T23:17:32.380Z] CLI Version:   8.1.1
[debug] [2020-04-26T23:17:32.380Z] Platform:      win32
[debug] [2020-04-26T23:17:32.380Z] Node Version:  v12.16.2
[debug] [2020-04-26T23:17:32.380Z] Time:          Sun Apr 26 2020 17:17:32 GMT-0600 (GMT-06:00)
[debug] [2020-04-26T23:17:32.381Z] ----------------------------------------------------------------------
[debug] [2020-04-26T23:17:32.381Z] 
[debug] [2020-04-26T23:17:32.386Z] > command requires scopes: ["email","openid","https://www.googleapis.com/auth/cloudplatformprojects.readonly","https://www.googleapis.com/auth/firebase","https://www.googleapis.com/auth/cloud-platform"]
[debug] [2020-04-26T23:17:32.386Z] > authorizing via signed-in user
[debug] [2020-04-26T23:17:32.387Z] [iam] checking project typinggamev2 for permissions ["cloudfunctions.functions.create","cloudfunctions.functions.delete","cloudfunctions.functions.get","cloudfunctions.functions.list","cloudfunctions.functions.update","cloudfunctions.operations.get","firebase.projects.get","firebasehosting.sites.update"]
[debug] [2020-04-26T23:17:32.389Z] >>> HTTP REQUEST POST https://cloudresourcemanager.googleapis.com/v1/projects/typinggamev2:testIamPermissions  
 {"permissions":["cloudfunctions.functions.create","cloudfunctions.functions.delete","cloudfunctions.functions.get","cloudfunctions.functions.list","cloudfunctions.functions.update","cloudfunctions.operations.get","firebase.projects.get","firebasehosting.sites.update"]}
[debug] [2020-04-26T23:17:32.787Z] <<< HTTP RESPONSE 200 {"content-type":"application/json; charset=UTF-8","vary":"X-Origin, Referer, Origin,Accept-Encoding","date":"Sun, 26 Apr 2020 23:17:51 GMT","server":"ESF","cache-control":"private","x-xss-protection":"0","x-frame-options":"SAMEORIGIN","x-content-type-options":"nosniff","server-timing":"gfet4t7; dur=117","alt-svc":"quic=\":443\"; ma=2592000; v=\"46,43\",h3-Q050=\":443\"; ma=2592000,h3-Q049=\":443\"; ma=2592000,h3-Q048=\":443\"; ma=2592000,h3-Q046=\":443\"; ma=2592000,h3-Q043=\":443\"; ma=2592000,h3-T050=\":443\"; ma=2592000","accept-ranges":"none","transfer-encoding":"chunked"}
[debug] [2020-04-26T23:17:32.788Z] >>> HTTP REQUEST POST https://iam.googleapis.com/v1/projects/typinggamev2/serviceAccounts/typinggamev2@appspot.gserviceaccount.com:testIamPermissions  
 {"permissions":["iam.serviceAccounts.actAs"]}
[debug] [2020-04-26T23:17:33.288Z] <<< HTTP RESPONSE 200 {"content-type":"application/json; charset=UTF-8","vary":"X-Origin, Referer, Origin,Accept-Encoding","date":"Sun, 26 Apr 2020 23:17:51 GMT","server":"ESF","cache-control":"private","x-xss-protection":"0","x-frame-options":"SAMEORIGIN","x-content-type-options":"nosniff","alt-svc":"quic=\":443\"; ma=2592000; v=\"46,43\",h3-Q050=\":443\"; ma=2592000,h3-Q049=\":443\"; ma=2592000,h3-Q048=\":443\"; ma=2592000,h3-Q046=\":443\"; ma=2592000,h3-Q043=\":443\"; ma=2592000,h3-T050=\":443\"; ma=2592000","accept-ranges":"none","transfer-encoding":"chunked"}
[debug] [2020-04-26T23:17:33.288Z] >>> HTTP REQUEST GET https://firebase.googleapis.com/v1beta1/projects/typinggamev2  
 
[debug] [2020-04-26T23:17:33.739Z] <<< HTTP RESPONSE 200 {"content-type":"application/json; charset=UTF-8","vary":"X-Origin, Referer, Origin,Accept-Encoding","date":"Sun, 26 Apr 2020 23:17:52 GMT","server":"ESF","cache-control":"private","x-xss-protection":"0","x-frame-options":"SAMEORIGIN","x-content-type-options":"nosniff","alt-svc":"quic=\":443\"; ma=2592000; v=\"46,43\",h3-Q050=\":443\"; ma=2592000,h3-Q049=\":443\"; ma=2592000,h3-Q048=\":443\"; ma=2592000,h3-Q046=\":443\"; ma=2592000,h3-Q043=\":443\"; ma=2592000,h3-T050=\":443\"; ma=2592000","accept-ranges":"none","transfer-encoding":"chunked"}
[warn] !  functions: package.json indicates an outdated version of firebase-functions.
Please upgrade using npm install --save firebase-functions@latest in your functions directory.
[info] 
[info] === Deploying to 'typinggamev2'...
[info] 
[info] i  deploying functions, hosting
[info] Running command: npm --prefix "$RESOURCE_DIR" run lint
